build/app/intermediates/manifest_merge_blame_file/debug/manifest-merger-blame-debug-report.txt
1<?xml version="1.0" encoding="utf-8"?>
2<manifest xmlns:android="http://schemas.android.com/apk/res/android"
3    package="com.example.customerglu"
4    android:versionCode="1"
5    android:versionName="1.0.0" >
6
7    <uses-sdk
8        android:minSdkVersion="21"
9        android:targetSdkVersion="31" />
10    <!--
11         The INTERNET permission is required for development. Specifically,
12         the Flutter tool needs it to communicate with the running application
13         to allow setting breakpoints, to provide hot reload, etc.
14    -->
15    <uses-permission android:name="android.permission.INTERNET" />
15-->src/main/AndroidManifest.xml:3:5-67
15-->src/main/AndroidManifest.xml:3:22-64
16    <uses-permission android:name="android.permission.ACCESS_NETWORK_STATE" />
16-->src/main/AndroidManifest.xml:4:5-79
16-->src/main/AndroidManifest.xml:4:22-76
17    <uses-permission android:name="android.permission.REORDER_TASKS" />
17-->[androidx.test:core:1.4.0] AndroidManifest.xml:24:5-72
17-->[androidx.test:core:1.4.0] AndroidManifest.xml:24:22-69
18
19    <application
20        android:name="android.app.Application"
21        android:appComponentFactory="androidx.core.app.CoreComponentFactory"
21-->[androidx.core:core:1.6.0] AndroidManifest.xml:24:18-86
22        android:debuggable="true"
23        android:icon="@mipmap/ic_launcher"
24        android:label="customerglu" >
25        <activity
26            android:name="com.example.customerglu.MainActivity"
27            android:configChanges="orientation|keyboardHidden|keyboard|screenSize|smallestScreenSize|locale|layoutDirection|fontScale|screenLayout|density|uiMode"
28            android:exported="true"
29            android:hardwareAccelerated="true"
30            android:launchMode="singleTop"
31            android:theme="@style/LaunchTheme"
32            android:windowSoftInputMode="adjustResize" >
33
34            <!--
35                 Specifies an Android theme to apply to this Activity as soon as
36                 the Android process has started. This theme is visible to the user
37                 while the Flutter UI initializes. After that, this theme continues
38                 to determine the Window background behind the Flutter UI.
39            -->
40            <meta-data
41                android:name="io.flutter.embedding.android.NormalTheme"
42                android:resource="@style/NormalTheme" />
43
44            <intent-filter>
45                <action android:name="android.intent.action.MAIN" />
45-->[androidx.test:core:1.4.0] AndroidManifest.xml:32:17-69
45-->[androidx.test:core:1.4.0] AndroidManifest.xml:32:25-66
46
47                <category android:name="android.intent.category.LAUNCHER" />
48            </intent-filter>
49
50            <meta-data
51                android:name="flutter_deeplinking_enabled"
52                android:value="true" />
53
54            <intent-filter android:autoVerify="true" >
55                <action android:name="android.intent.action.VIEW" />
56
57                <category android:name="android.intent.category.DEFAULT" />
57-->[com.github.customerglu:CG-SDK-Android:v2.0.4] AndroidManifest.xml:25:17-76
57-->[com.github.customerglu:CG-SDK-Android:v2.0.4] AndroidManifest.xml:25:27-73
58                <category android:name="android.intent.category.BROWSABLE" />
59
60                <data
61                    android:host="flutterbooksample.com"
62                    android:scheme="http" />
63                <data android:scheme="https" />
64            </intent-filter>
65        </activity>
66        <!--
67             Don't delete the meta-data below.
68             This is used by the Flutter tool to generate GeneratedPluginRegistrant.java
69        -->
70        <meta-data
71            android:name="android.webkit.WebView.EnableSafeBrowsing"
72            android:value="false" />
73        <meta-data
74            android:name="flutterEmbedding"
75            android:value="2" />
76        <meta-data
77            android:name="CUSTOMERGLU_WRITE_KEY"
78            android:value="QKL0SMSGtV9f88ok0kQKWaDzsbXXicxU30TNX2yl" />
79
80        <uses-library
80-->[androidx.window:window:1.0.0-beta04] AndroidManifest.xml:25:9-27:40
81            android:name="androidx.window.extensions"
81-->[androidx.window:window:1.0.0-beta04] AndroidManifest.xml:26:13-54
82            android:required="false" />
82-->[androidx.window:window:1.0.0-beta04] AndroidManifest.xml:27:13-37
83        <uses-library
83-->[androidx.window:window:1.0.0-beta04] AndroidManifest.xml:28:9-30:40
84            android:name="androidx.window.sidecar"
84-->[androidx.window:window:1.0.0-beta04] AndroidManifest.xml:29:13-51
85            android:required="false" />
85-->[androidx.window:window:1.0.0-beta04] AndroidManifest.xml:30:13-37
86
87        <activity
87-->[com.github.customerglu:CG-SDK-Android:v2.0.4] AndroidManifest.xml:12:9-15:56
88            android:name="com.customerglu.sdk.Web.OpenCustomerGluWeb"
88-->[com.github.customerglu:CG-SDK-Android:v2.0.4] AndroidManifest.xml:13:13-70
89            android:screenOrientation="portrait"
89-->[com.github.customerglu:CG-SDK-Android:v2.0.4] AndroidManifest.xml:14:13-49
90            android:theme="@style/Theme.Transparent" />
90-->[com.github.customerglu:CG-SDK-Android:v2.0.4] AndroidManifest.xml:15:13-53
91        <activity
91-->[com.github.customerglu:CG-SDK-Android:v2.0.4] AndroidManifest.xml:16:9-27:20
92            android:name="com.customerglu.sdk.notification.NotificationWeb"
92-->[com.github.customerglu:CG-SDK-Android:v2.0.4] AndroidManifest.xml:17:13-76
93            android:exported="false"
93-->[com.github.customerglu:CG-SDK-Android:v2.0.4] AndroidManifest.xml:18:13-37
94            android:protectionLevel="signature"
94-->[com.github.customerglu:CG-SDK-Android:v2.0.4] AndroidManifest.xml:19:13-48
95            android:screenOrientation="portrait"
95-->[com.github.customerglu:CG-SDK-Android:v2.0.4] AndroidManifest.xml:20:13-49
96            android:theme="@style/Theme.Transparent" >
96-->[com.github.customerglu:CG-SDK-Android:v2.0.4] AndroidManifest.xml:21:13-53
97            <intent-filter>
97-->[com.github.customerglu:CG-SDK-Android:v2.0.4] AndroidManifest.xml:22:13-26:29
98                <action android:name="OPEN_WEB" />
98-->[com.github.customerglu:CG-SDK-Android:v2.0.4] AndroidManifest.xml:23:17-51
98-->[com.github.customerglu:CG-SDK-Android:v2.0.4] AndroidManifest.xml:23:25-48
99
100                <category android:name="android.intent.category.DEFAULT" />
100-->[com.github.customerglu:CG-SDK-Android:v2.0.4] AndroidManifest.xml:25:17-76
100-->[com.github.customerglu:CG-SDK-Android:v2.0.4] AndroidManifest.xml:25:27-73
101            </intent-filter>
102        </activity>
103        <activity
103-->[com.github.customerglu:CG-SDK-Android:v2.0.4] AndroidManifest.xml:28:9-32:20
104            android:name="com.customerglu.sdk.notification.BottomSheet"
104-->[com.github.customerglu:CG-SDK-Android:v2.0.4] AndroidManifest.xml:29:13-72
105            android:screenOrientation="portrait"
105-->[com.github.customerglu:CG-SDK-Android:v2.0.4] AndroidManifest.xml:30:13-49
106            android:theme="@style/Theme.Transparent" >
106-->[com.github.customerglu:CG-SDK-Android:v2.0.4] AndroidManifest.xml:31:13-53
107        </activity>
108        <activity
108-->[com.github.customerglu:CG-SDK-Android:v2.0.4] AndroidManifest.xml:33:9-37:20
109            android:name="com.customerglu.sdk.notification.BottomDialog"
109-->[com.github.customerglu:CG-SDK-Android:v2.0.4] AndroidManifest.xml:34:13-73
110            android:screenOrientation="portrait"
110-->[com.github.customerglu:CG-SDK-Android:v2.0.4] AndroidManifest.xml:35:13-49
111            android:theme="@style/Theme.Transparent" >
111-->[com.github.customerglu:CG-SDK-Android:v2.0.4] AndroidManifest.xml:36:13-53
112        </activity>
113        <activity
113-->[com.github.customerglu:CG-SDK-Android:v2.0.4] AndroidManifest.xml:38:9-42:20
114            android:name="com.customerglu.sdk.notification.MiddleDialog"
114-->[com.github.customerglu:CG-SDK-Android:v2.0.4] AndroidManifest.xml:39:13-73
115            android:screenOrientation="portrait"
115-->[com.github.customerglu:CG-SDK-Android:v2.0.4] AndroidManifest.xml:40:13-49
116            android:theme="@style/Theme.Transparent" >
116-->[com.github.customerglu:CG-SDK-Android:v2.0.4] AndroidManifest.xml:41:13-53
117        </activity>
118        <activity
118-->[com.github.customerglu:CG-SDK-Android:v2.0.4] AndroidManifest.xml:43:9-47:20
119            android:name="com.customerglu.sdk.Screens.RewardScreen"
119-->[com.github.customerglu:CG-SDK-Android:v2.0.4] AndroidManifest.xml:44:13-68
120            android:screenOrientation="portrait"
120-->[com.github.customerglu:CG-SDK-Android:v2.0.4] AndroidManifest.xml:45:13-49
121            android:theme="@style/Theme.Transparent" >
121-->[com.github.customerglu:CG-SDK-Android:v2.0.4] AndroidManifest.xml:46:13-53
122        </activity>
123        <activity
123-->[com.github.customerglu:CG-SDK-Android:v2.0.4] AndroidManifest.xml:48:9-51:56
124            android:name="com.customerglu.sdk.Web.RewardWeb"
124-->[com.github.customerglu:CG-SDK-Android:v2.0.4] AndroidManifest.xml:49:13-61
125            android:screenOrientation="portrait"
125-->[com.github.customerglu:CG-SDK-Android:v2.0.4] AndroidManifest.xml:50:13-49
126            android:theme="@style/Theme.Transparent" />
126-->[com.github.customerglu:CG-SDK-Android:v2.0.4] AndroidManifest.xml:51:13-53
127        <activity
127-->[com.github.customerglu:CG-SDK-Android:v2.0.4] AndroidManifest.xml:52:9-55:56
128            android:name="com.customerglu.sdk.Web.FilterReward"
128-->[com.github.customerglu:CG-SDK-Android:v2.0.4] AndroidManifest.xml:53:13-64
129            android:screenOrientation="portrait"
129-->[com.github.customerglu:CG-SDK-Android:v2.0.4] AndroidManifest.xml:54:13-49
130            android:theme="@style/Theme.Transparent" />
130-->[com.github.customerglu:CG-SDK-Android:v2.0.4] AndroidManifest.xml:55:13-53
131
132        <provider
132-->[com.github.customerglu:CG-SDK-Android:v2.0.4] AndroidManifest.xml:57:9-65:20
133            android:name="androidx.core.content.FileProvider"
133-->[com.github.customerglu:CG-SDK-Android:v2.0.4] AndroidManifest.xml:58:13-62
134            android:authorities="com.example.customerglu.provider"
134-->[com.github.customerglu:CG-SDK-Android:v2.0.4] AndroidManifest.xml:59:13-60
135            android:exported="false"
135-->[com.github.customerglu:CG-SDK-Android:v2.0.4] AndroidManifest.xml:60:13-37
136            android:grantUriPermissions="true" >
136-->[com.github.customerglu:CG-SDK-Android:v2.0.4] AndroidManifest.xml:61:13-47
137            <meta-data
137-->[com.github.customerglu:CG-SDK-Android:v2.0.4] AndroidManifest.xml:62:13-64:57
138                android:name="android.support.FILE_PROVIDER_PATHS"
138-->[com.github.customerglu:CG-SDK-Android:v2.0.4] AndroidManifest.xml:63:17-67
139                android:resource="@xml/provider_path" />
139-->[com.github.customerglu:CG-SDK-Android:v2.0.4] AndroidManifest.xml:64:17-54
140        </provider>
141
142        <activity
142-->[androidx.test:core:1.4.0] AndroidManifest.xml:27:9-34:20
143            android:name="androidx.test.core.app.InstrumentationActivityInvoker$BootstrapActivity"
143-->[androidx.test:core:1.4.0] AndroidManifest.xml:28:13-99
144            android:exported="true"
144-->[androidx.test:core:1.4.0] AndroidManifest.xml:29:13-36
145            android:theme="@android:style/Theme" >
145-->[androidx.test:core:1.4.0] AndroidManifest.xml:30:13-49
146            <intent-filter>
146-->[androidx.test:core:1.4.0] AndroidManifest.xml:31:13-33:29
147                <action android:name="android.intent.action.MAIN" />
147-->[androidx.test:core:1.4.0] AndroidManifest.xml:32:17-69
147-->[androidx.test:core:1.4.0] AndroidManifest.xml:32:25-66
148            </intent-filter>
149        </activity>
150        <activity
150-->[androidx.test:core:1.4.0] AndroidManifest.xml:35:9-42:20
151            android:name="androidx.test.core.app.InstrumentationActivityInvoker$EmptyActivity"
151-->[androidx.test:core:1.4.0] AndroidManifest.xml:36:13-95
152            android:exported="true"
152-->[androidx.test:core:1.4.0] AndroidManifest.xml:37:13-36
153            android:theme="@android:style/Theme" >
153-->[androidx.test:core:1.4.0] AndroidManifest.xml:38:13-49
154            <intent-filter>
154-->[androidx.test:core:1.4.0] AndroidManifest.xml:31:13-33:29
155                <action android:name="android.intent.action.MAIN" />
155-->[androidx.test:core:1.4.0] AndroidManifest.xml:32:17-69
155-->[androidx.test:core:1.4.0] AndroidManifest.xml:32:25-66
156            </intent-filter>
157        </activity>
158        <activity
158-->[androidx.test:core:1.4.0] AndroidManifest.xml:43:9-50:20
159            android:name="androidx.test.core.app.InstrumentationActivityInvoker$EmptyFloatingActivity"
159-->[androidx.test:core:1.4.0] AndroidManifest.xml:44:13-103
160            android:exported="true"
160-->[androidx.test:core:1.4.0] AndroidManifest.xml:45:13-36
161            android:theme="@android:style/Theme.Dialog" >
161-->[androidx.test:core:1.4.0] AndroidManifest.xml:46:13-56
162            <intent-filter>
162-->[androidx.test:core:1.4.0] AndroidManifest.xml:31:13-33:29
163                <action android:name="android.intent.action.MAIN" />
163-->[androidx.test:core:1.4.0] AndroidManifest.xml:32:17-69
163-->[androidx.test:core:1.4.0] AndroidManifest.xml:32:25-66
164            </intent-filter>
165        </activity>
166    </application>
167
168</manifest>